== Info: Host localhost:8080 was resolved.
== Info: IPv6: ::1
== Info: IPv4: 127.0.0.1
== Info:   Trying [::1]:8080...
== Info: Connected to localhost (::1) port 8080
=> Send header, 139 bytes (0x8b)
0000: POST /auth/login HTTP/1.1
001b: Host: localhost:8080
0031: User-Agent: curl/8.9.1
0049: Accept: */*
0056: Content-Type: application/json
0076: Content-Length: 2
0089: 
=> Send data, 2 bytes (0x2)
0000: {\
== Info: upload completely sent off: 2 bytes
<= Recv header, 15 bytes (0xf)
0000: HTTP/1.1 403 
<= Recv header, 14 bytes (0xe)
0000: Vary: Origin
<= Recv header, 37 bytes (0x25)
0000: Vary: Access-Control-Request-Method
<= Recv header, 38 bytes (0x26)
0000: Vary: Access-Control-Request-Headers
<= Recv header, 33 bytes (0x21)
0000: X-Content-Type-Options: nosniff
<= Recv header, 21 bytes (0x15)
0000: X-XSS-Protection: 0
<= Recv header, 63 bytes (0x3f)
0000: Cache-Control: no-cache, no-store, max-age=0, must-revalidate
<= Recv header, 18 bytes (0x12)
0000: Pragma: no-cache
<= Recv header, 12 bytes (0xc)
0000: Expires: 0
<= Recv header, 23 bytes (0x17)
0000: X-Frame-Options: DENY
<= Recv header, 19 bytes (0x13)
0000: Content-Length: 0
<= Recv header, 37 bytes (0x25)
0000: Date: Thu, 29 May 2025 19:01:16 GMT
<= Recv header, 2 bytes (0x2)
0000: 
== Info: Connection #0 to host localhost left intact
== Info: URL rejected: Port number was not a decimal number between 0 and 65535
== Info: closing connection #-1
